0 info it worked if it ends with ok
1 verbose cli [ '/Users/eben/.nvm/versions/node/v4.2.2/bin/node',
1 verbose cli   '/Users/eben/.nvm/versions/node/v4.2.2/bin/npm',
1 verbose cli   'run',
1 verbose cli   'dev' ]
2 info using npm@3.3.12
3 info using node@v4.2.2
4 verbose run-script [ 'predev', 'dev', 'postdev' ]
5 info lifecycle responsive-angular-d3-directives@0.0.1~predev: responsive-angular-d3-directives@0.0.1
6 silly lifecycle responsive-angular-d3-directives@0.0.1~predev: no script for predev, continuing
7 info lifecycle responsive-angular-d3-directives@0.0.1~dev: responsive-angular-d3-directives@0.0.1
8 verbose lifecycle responsive-angular-d3-directives@0.0.1~dev: unsafe-perm in lifecycle true
9 verbose lifecycle responsive-angular-d3-directives@0.0.1~dev: PATH: /Users/eben/.nvm/versions/node/v4.2.2/lib/node_modules/npm/bin/node-gyp-bin:/Users/eben/responsive-angular-d3/node_modules/.bin:/Users/eben/.nvm/versions/node/v4.2.2/bin:/Users/eben/.avn/bin:/usr/local/bin:/usr/local/sbin:/usr/local/share/npm/bin:/opt/local/bin:/opt/local/sbin:/Users/eben/.rvm/gems/ruby-2.0.0-p0/bin:/Users/eben/.rvm/gems/ruby-2.0.0-p0@global/bin:/Users/eben/.rvm/rubies/ruby-2.0.0-p0/bin:/Users/eben/.rvm/bin:/usr/local/bin:/usr/bin:/bin:/usr/sbin:/sbin:/opt/X11/bin
10 verbose lifecycle responsive-angular-d3-directives@0.0.1~dev: CWD: /Users/eben/responsive-angular-d3
11 silly lifecycle responsive-angular-d3-directives@0.0.1~dev: Args: [ '-c',
11 silly lifecycle   'webpack-dev-server --history-api-fallback --inline --progress' ]
12 silly lifecycle responsive-angular-d3-directives@0.0.1~dev: Returned: code: 255  signal: null
13 info lifecycle responsive-angular-d3-directives@0.0.1~dev: Failed to exec dev script
14 verbose stack Error: responsive-angular-d3-directives@0.0.1 dev: `webpack-dev-server --history-api-fallback --inline --progress`
14 verbose stack Exit status 255
14 verbose stack     at EventEmitter.<anonymous> (/Users/eben/.nvm/versions/node/v4.2.2/lib/node_modules/npm/lib/utils/lifecycle.js:232:16)
14 verbose stack     at emitTwo (events.js:87:13)
14 verbose stack     at EventEmitter.emit (events.js:172:7)
14 verbose stack     at ChildProcess.<anonymous> (/Users/eben/.nvm/versions/node/v4.2.2/lib/node_modules/npm/lib/utils/spawn.js:24:14)
14 verbose stack     at emitTwo (events.js:87:13)
14 verbose stack     at ChildProcess.emit (events.js:172:7)
14 verbose stack     at maybeClose (internal/child_process.js:818:16)
14 verbose stack     at Process.ChildProcess._handle.onexit (internal/child_process.js:211:5)
15 verbose pkgid responsive-angular-d3-directives@0.0.1
16 verbose cwd /Users/eben/responsive-angular-d3
17 error Darwin 15.6.0
18 error argv "/Users/eben/.nvm/versions/node/v4.2.2/bin/node" "/Users/eben/.nvm/versions/node/v4.2.2/bin/npm" "run" "dev"
19 error node v4.2.2
20 error npm  v3.3.12
21 error code ELIFECYCLE
22 error responsive-angular-d3-directives@0.0.1 dev: `webpack-dev-server --history-api-fallback --inline --progress`
22 error Exit status 255
23 error Failed at the responsive-angular-d3-directives@0.0.1 dev script 'webpack-dev-server --history-api-fallback --inline --progress'.
23 error Make sure you have the latest version of node.js and npm installed.
23 error If you do, this is most likely a problem with the responsive-angular-d3-directives package,
23 error not with npm itself.
23 error Tell the author that this fails on your system:
23 error     webpack-dev-server --history-api-fallback --inline --progress
23 error You can get their info via:
23 error     npm owner ls responsive-angular-d3-directives
23 error There is likely additional logging output above.
24 verbose exit [ 1, true ]
